Trajectory summary
Episodes: 763
Success rate: 100.0%
Path length (avg): 21.52
Total reward (avg): 0.00
Mean step (avg): 0.11
Total steps: 152500
Avg steps per episode: 199.87
Path length per episode:
ep_00000: path_length=20.86, steps=200
ep_00001: path_length=22.53, steps=200
ep_00002: path_length=21.01, steps=200
ep_00003: path_length=21.45, steps=200
ep_00004: path_length=22.43, steps=200
ep_00005: path_length=19.74, steps=200
ep_00006: path_length=22.01, steps=200
ep_00007: path_length=19.85, steps=200
ep_00008: path_length=21.66, steps=200
ep_00009: path_length=20.13, steps=200
ep_00010: path_length=20.93, steps=200
ep_00011: path_length=22.57, steps=200
ep_00012: path_length=22.83, steps=200
ep_00013: path_length=22.35, steps=200
ep_00014: path_length=20.77, steps=200
ep_00015: path_length=22.19, steps=200
ep_00016: path_length=21.88, steps=200
ep_00017: path_length=22.06, steps=200
ep_00018: path_length=20.54, steps=200
ep_00019: path_length=21.92, steps=200
ep_00020: path_length=20.55, steps=200
ep_00021: path_length=22.42, steps=200
ep_00022: path_length=23.64, steps=200
ep_00023: path_length=20.66, steps=200
ep_00024: path_length=22.49, steps=200
ep_00025: path_length=23.48, steps=200
ep_00026: path_length=20.97, steps=200
ep_00027: path_length=21.49, steps=200
ep_00028: path_length=20.37, steps=200
ep_00029: path_length=22.66, steps=200
ep_00030: path_length=20.83, steps=200
ep_00031: path_length=22.03, steps=200
ep_00032: path_length=21.25, steps=200
ep_00033: path_length=21.30, steps=200
ep_00034: path_length=22.94, steps=200
ep_00035: path_length=21.44, steps=200
ep_00036: path_length=21.43, steps=200
ep_00037: path_length=19.80, steps=200
ep_00038: path_length=23.55, steps=200
ep_00039: path_length=22.54, steps=200
ep_00040: path_length=21.57, steps=200
ep_00041: path_length=22.80, steps=200
ep_00042: path_length=23.61, steps=200
ep_00043: path_length=21.32, steps=200
ep_00044: path_length=22.19, steps=200
ep_00045: path_length=21.69, steps=200
ep_00046: path_length=19.98, steps=200
ep_00047: path_length=22.51, steps=200
ep_00048: path_length=21.71, steps=200
ep_00049: path_length=22.20, steps=200
ep_00050: path_length=21.68, steps=200
ep_00051: path_length=22.75, steps=200
ep_00052: path_length=20.85, steps=200
ep_00053: path_length=21.34, steps=200
ep_00054: path_length=21.61, steps=200
ep_00055: path_length=22.68, steps=200
ep_00056: path_length=22.99, steps=200
ep_00057: path_length=20.75, steps=200
ep_00058: path_length=20.72, steps=200
ep_00059: path_length=22.07, steps=200
ep_00060: path_length=22.14, steps=200
ep_00061: path_length=22.05, steps=200
ep_00062: path_length=22.33, steps=200
ep_00063: path_length=22.62, steps=200
ep_00064: path_length=21.75, steps=200
ep_00065: path_length=20.75, steps=200
ep_00066: path_length=20.06, steps=200
ep_00067: path_length=21.38, steps=200
ep_00068: path_length=21.43, steps=200
ep_00069: path_length=24.49, steps=200
ep_00070: path_length=22.56, steps=200
ep_00071: path_length=21.81, steps=200
ep_00072: path_length=23.65, steps=200
ep_00073: path_length=21.73, steps=200
ep_00074: path_length=21.48, steps=200
ep_00075: path_length=22.27, steps=200
ep_00076: path_length=21.56, steps=200
ep_00077: path_length=21.45, steps=200
ep_00078: path_length=22.31, steps=200
ep_00079: path_length=23.21, steps=200
ep_00080: path_length=21.28, steps=200
ep_00081: path_length=20.45, steps=200
ep_00082: path_length=21.68, steps=200
ep_00083: path_length=19.78, steps=200
ep_00084: path_length=20.22, steps=200
ep_00085: path_length=22.41, steps=200
ep_00086: path_length=23.10, steps=200
ep_00087: path_length=20.73, steps=200
ep_00088: path_length=21.78, steps=200
ep_00089: path_length=20.24, steps=200
ep_00090: path_length=20.79, steps=200
ep_00091: path_length=21.34, steps=200
ep_00092: path_length=20.95, steps=200
ep_00093: path_length=20.78, steps=200
ep_00094: path_length=23.71, steps=200
ep_00095: path_length=23.01, steps=200
ep_00096: path_length=22.50, steps=200
ep_00097: path_length=20.12, steps=200
ep_00098: path_length=20.63, steps=200
ep_00099: path_length=21.59, steps=200
ep_00100: path_length=22.10, steps=200
ep_00101: path_length=21.44, steps=200
ep_00102: path_length=23.23, steps=200
ep_00103: path_length=21.38, steps=200
ep_00104: path_length=22.36, steps=200
ep_00105: path_length=21.75, steps=200
ep_00106: path_length=22.50, steps=200
ep_00107: path_length=23.32, steps=200
ep_00108: path_length=21.48, steps=200
ep_00109: path_length=22.45, steps=200
ep_00110: path_length=23.01, steps=200
ep_00111: path_length=22.70, steps=200
ep_00112: path_length=23.00, steps=200
ep_00113: path_length=22.70, steps=200
ep_00114: path_length=22.92, steps=200
ep_00115: path_length=23.65, steps=200
ep_00116: path_length=21.33, steps=200
ep_00117: path_length=22.07, steps=200
ep_00118: path_length=22.31, steps=200
ep_00119: path_length=21.03, steps=200
ep_00120: path_length=22.28, steps=200
ep_00121: path_length=23.43, steps=200
ep_00122: path_length=21.94, steps=200
ep_00123: path_length=23.11, steps=200
ep_00124: path_length=24.08, steps=200
ep_00125: path_length=21.57, steps=200
ep_00126: path_length=20.30, steps=200
ep_00127: path_length=21.64, steps=200
ep_00128: path_length=23.35, steps=200
ep_00129: path_length=21.13, steps=200
ep_00130: path_length=23.22, steps=200
ep_00131: path_length=21.70, steps=200
ep_00132: path_length=20.99, steps=200
ep_00133: path_length=21.11, steps=200
ep_00134: path_length=22.62, steps=200
ep_00135: path_length=21.91, steps=200
ep_00136: path_length=22.77, steps=200
ep_00137: path_length=20.67, steps=200
ep_00138: path_length=19.48, steps=200
ep_00139: path_length=21.94, steps=200
ep_00140: path_length=21.96, steps=200
ep_00141: path_length=22.64, steps=200
ep_00142: path_length=23.17, steps=200
ep_00143: path_length=21.82, steps=200
ep_00144: path_length=19.11, steps=200
ep_00145: path_length=22.37, steps=200
ep_00146: path_length=21.01, steps=200
ep_00147: path_length=21.56, steps=200
ep_00148: path_length=21.64, steps=200
ep_00149: path_length=21.14, steps=200
ep_00150: path_length=0.00, steps=200
ep_00151: path_length=0.00, steps=200
ep_00152: path_length=11.50, steps=200
ep_00153: path_length=20.41, steps=200
ep_00154: path_length=21.86, steps=200
ep_00155: path_length=23.39, steps=200
ep_00156: path_length=23.27, steps=200
ep_00157: path_length=21.18, steps=200
ep_00158: path_length=20.13, steps=200
ep_00159: path_length=22.18, steps=200
ep_00160: path_length=22.58, steps=200
ep_00161: path_length=22.54, steps=200
ep_00162: path_length=22.90, steps=200
ep_00163: path_length=20.77, steps=200
ep_00164: path_length=23.27, steps=200
ep_00165: path_length=22.17, steps=200
ep_00166: path_length=19.85, steps=200
ep_00167: path_length=22.60, steps=200
ep_00168: path_length=20.45, steps=200
ep_00169: path_length=24.37, steps=200
ep_00170: path_length=23.17, steps=200
ep_00171: path_length=20.93, steps=200
ep_00172: path_length=21.15, steps=200
ep_00173: path_length=20.72, steps=200
ep_00174: path_length=21.41, steps=200
ep_00175: path_length=20.47, steps=200
ep_00176: path_length=21.20, steps=200
ep_00177: path_length=21.61, steps=200
ep_00178: path_length=20.76, steps=200
ep_00179: path_length=21.39, steps=200
ep_00180: path_length=22.74, steps=200
ep_00181: path_length=21.00, steps=200
ep_00182: path_length=22.84, steps=200
ep_00183: path_length=21.74, steps=200
ep_00184: path_length=23.23, steps=200
ep_00185: path_length=20.69, steps=200
ep_00186: path_length=25.57, steps=200
ep_00187: path_length=21.68, steps=200
ep_00188: path_length=21.86, steps=200
ep_00189: path_length=21.18, steps=200
ep_00190: path_length=21.96, steps=200
ep_00191: path_length=19.94, steps=200
ep_00192: path_length=21.62, steps=200
ep_00193: path_length=22.30, steps=200
ep_00194: path_length=21.73, steps=200
ep_00195: path_length=23.44, steps=200
ep_00196: path_length=22.02, steps=200
ep_00197: path_length=21.38, steps=200
ep_00198: path_length=22.16, steps=200
ep_00199: path_length=21.29, steps=200
ep_00200: path_length=20.64, steps=200
ep_00201: path_length=21.31, steps=200
ep_00202: path_length=23.86, steps=200
ep_00203: path_length=23.56, steps=200
ep_00204: path_length=21.47, steps=200
ep_00205: path_length=20.71, steps=200
ep_00206: path_length=22.43, steps=200
ep_00207: path_length=21.78, steps=200
ep_00208: path_length=21.46, steps=200
ep_00209: path_length=21.60, steps=200
ep_00210: path_length=21.57, steps=200
ep_00211: path_length=22.99, steps=200
ep_00212: path_length=21.60, steps=200
ep_00213: path_length=20.64, steps=200
ep_00214: path_length=20.73, steps=200
ep_00215: path_length=19.33, steps=200
ep_00216: path_length=21.27, steps=200
ep_00217: path_length=21.97, steps=200
ep_00218: path_length=24.35, steps=200
ep_00219: path_length=21.91, steps=200
ep_00220: path_length=22.70, steps=200
ep_00221: path_length=21.81, steps=200
ep_00222: path_length=21.87, steps=200
ep_00223: path_length=20.78, steps=200
ep_00224: path_length=22.74, steps=200
ep_00225: path_length=20.33, steps=200
ep_00226: path_length=21.12, steps=200
ep_00227: path_length=23.02, steps=200
ep_00228: path_length=21.13, steps=200
ep_00229: path_length=22.67, steps=200
ep_00230: path_length=22.04, steps=200
ep_00231: path_length=21.29, steps=200
ep_00232: path_length=21.40, steps=200
ep_00233: path_length=22.29, steps=200
ep_00234: path_length=21.08, steps=200
ep_00235: path_length=21.97, steps=200
ep_00236: path_length=22.71, steps=200
ep_00237: path_length=21.05, steps=200
ep_00238: path_length=20.86, steps=200
ep_00239: path_length=22.30, steps=200
ep_00240: path_length=22.31, steps=200
ep_00241: path_length=23.13, steps=200
ep_00242: path_length=23.70, steps=200
ep_00243: path_length=21.21, steps=200
ep_00244: path_length=22.66, steps=200
ep_00245: path_length=22.94, steps=200
ep_00246: path_length=20.59, steps=200
ep_00247: path_length=21.69, steps=200
ep_00248: path_length=20.91, steps=200
ep_00249: path_length=23.08, steps=200
ep_00250: path_length=20.78, steps=200
ep_00251: path_length=22.41, steps=200
ep_00252: path_length=20.31, steps=200
ep_00253: path_length=21.86, steps=200
ep_00254: path_length=21.09, steps=200
ep_00255: path_length=21.02, steps=200
ep_00256: path_length=22.46, steps=200
ep_00257: path_length=20.36, steps=200
ep_00258: path_length=23.54, steps=200
ep_00259: path_length=20.68, steps=200
ep_00260: path_length=20.73, steps=200
ep_00261: path_length=23.42, steps=200
ep_00262: path_length=22.30, steps=200
ep_00263: path_length=20.56, steps=200
ep_00264: path_length=21.32, steps=200
ep_00265: path_length=20.73, steps=200
ep_00266: path_length=23.62, steps=200
ep_00267: path_length=22.10, steps=200
ep_00268: path_length=21.08, steps=200
ep_00269: path_length=22.26, steps=200
ep_00270: path_length=20.01, steps=200
ep_00271: path_length=21.89, steps=200
ep_00272: path_length=23.95, steps=200
ep_00273: path_length=22.80, steps=200
ep_00274: path_length=21.94, steps=200
ep_00275: path_length=23.20, steps=200
ep_00276: path_length=21.65, steps=200
ep_00277: path_length=20.52, steps=200
ep_00278: path_length=22.65, steps=200
ep_00279: path_length=21.36, steps=200
ep_00280: path_length=18.63, steps=200
ep_00281: path_length=21.83, steps=200
ep_00282: path_length=21.08, steps=200
ep_00283: path_length=22.37, steps=200
ep_00284: path_length=21.58, steps=200
ep_00285: path_length=20.46, steps=200
ep_00286: path_length=20.79, steps=200
ep_00287: path_length=21.15, steps=200
ep_00288: path_length=23.28, steps=200
ep_00289: path_length=21.50, steps=200
ep_00290: path_length=21.35, steps=200
ep_00291: path_length=22.15, steps=200
ep_00292: path_length=22.30, steps=200
ep_00293: path_length=20.81, steps=200
ep_00294: path_length=21.65, steps=200
ep_00295: path_length=22.56, steps=200
ep_00296: path_length=21.67, steps=200
ep_00297: path_length=22.17, steps=200
ep_00298: path_length=21.53, steps=200
ep_00299: path_length=22.26, steps=200
ep_00300: path_length=22.98, steps=200
ep_00301: path_length=22.21, steps=200
ep_00302: path_length=26.48, steps=200
ep_00303: path_length=0.00, steps=200
ep_00304: path_length=0.00, steps=200
ep_00305: path_length=21.18, steps=200
ep_00306: path_length=22.63, steps=200
ep_00307: path_length=22.59, steps=200
ep_00308: path_length=22.64, steps=200
ep_00309: path_length=20.24, steps=200
ep_00310: path_length=22.81, steps=200
ep_00311: path_length=20.70, steps=200
ep_00312: path_length=19.76, steps=200
ep_00313: path_length=22.78, steps=200
ep_00314: path_length=22.91, steps=200
ep_00315: path_length=20.28, steps=200
ep_00316: path_length=20.65, steps=200
ep_00317: path_length=21.03, steps=200
ep_00318: path_length=21.83, steps=200
ep_00319: path_length=21.12, steps=200
ep_00320: path_length=21.39, steps=200
ep_00321: path_length=22.16, steps=200
ep_00322: path_length=21.31, steps=200
ep_00323: path_length=22.60, steps=200
ep_00324: path_length=22.77, steps=200
ep_00325: path_length=23.11, steps=200
ep_00326: path_length=24.05, steps=200
ep_00327: path_length=23.67, steps=200
ep_00328: path_length=21.45, steps=200
ep_00329: path_length=23.93, steps=200
ep_00330: path_length=22.15, steps=200
ep_00331: path_length=22.08, steps=200
ep_00332: path_length=22.15, steps=200
ep_00333: path_length=23.21, steps=200
ep_00334: path_length=21.07, steps=200
ep_00335: path_length=24.04, steps=200
ep_00336: path_length=23.65, steps=200
ep_00337: path_length=20.58, steps=200
ep_00338: path_length=20.01, steps=200
ep_00339: path_length=21.53, steps=200
ep_00340: path_length=20.93, steps=200
ep_00341: path_length=20.15, steps=200
ep_00342: path_length=22.08, steps=200
ep_00343: path_length=22.51, steps=200
ep_00344: path_length=22.40, steps=200
ep_00345: path_length=21.65, steps=200
ep_00346: path_length=19.78, steps=200
ep_00347: path_length=20.52, steps=200
ep_00348: path_length=20.85, steps=200
ep_00349: path_length=22.61, steps=200
ep_00350: path_length=22.75, steps=200
ep_00351: path_length=21.98, steps=200
ep_00352: path_length=20.29, steps=200
ep_00353: path_length=22.39, steps=200
ep_00354: path_length=20.61, steps=200
ep_00355: path_length=21.02, steps=200
ep_00356: path_length=20.87, steps=200
ep_00357: path_length=20.67, steps=200
ep_00358: path_length=23.18, steps=200
ep_00359: path_length=22.08, steps=200
ep_00360: path_length=19.94, steps=200
ep_00361: path_length=22.45, steps=200
ep_00362: path_length=22.63, steps=200
ep_00363: path_length=23.74, steps=200
ep_00364: path_length=21.33, steps=200
ep_00365: path_length=21.95, steps=200
ep_00366: path_length=21.61, steps=200
ep_00367: path_length=21.96, steps=200
ep_00368: path_length=23.92, steps=200
ep_00369: path_length=22.99, steps=200
ep_00370: path_length=21.05, steps=200
ep_00371: path_length=22.13, steps=200
ep_00372: path_length=21.93, steps=200
ep_00373: path_length=21.95, steps=200
ep_00374: path_length=21.70, steps=200
ep_00375: path_length=20.72, steps=200
ep_00376: path_length=23.05, steps=200
ep_00377: path_length=22.17, steps=200
ep_00378: path_length=23.31, steps=200
ep_00379: path_length=22.16, steps=200
ep_00380: path_length=21.39, steps=200
ep_00381: path_length=20.64, steps=200
ep_00382: path_length=21.75, steps=200
ep_00383: path_length=22.08, steps=200
ep_00384: path_length=21.38, steps=200
ep_00385: path_length=21.05, steps=200
ep_00386: path_length=21.93, steps=200
ep_00387: path_length=21.23, steps=200
ep_00388: path_length=23.09, steps=200
ep_00389: path_length=20.57, steps=200
ep_00390: path_length=21.31, steps=200
ep_00391: path_length=21.60, steps=200
ep_00392: path_length=21.27, steps=200
ep_00393: path_length=19.58, steps=200
ep_00394: path_length=22.63, steps=200
ep_00395: path_length=22.30, steps=200
ep_00396: path_length=22.36, steps=200
ep_00397: path_length=22.95, steps=200
ep_00398: path_length=22.47, steps=200
ep_00399: path_length=21.33, steps=200
ep_00400: path_length=21.11, steps=200
ep_00401: path_length=22.76, steps=200
ep_00402: path_length=24.27, steps=200
ep_00403: path_length=22.37, steps=200
ep_00404: path_length=22.12, steps=200
ep_00405: path_length=22.13, steps=200
ep_00406: path_length=21.18, steps=200
ep_00407: path_length=21.56, steps=200
ep_00408: path_length=21.11, steps=200
ep_00409: path_length=22.17, steps=200
ep_00410: path_length=22.96, steps=200
ep_00411: path_length=23.90, steps=200
ep_00412: path_length=20.84, steps=200
ep_00413: path_length=23.09, steps=200
ep_00414: path_length=22.57, steps=200
ep_00415: path_length=21.50, steps=200
ep_00416: path_length=22.55, steps=200
ep_00417: path_length=22.38, steps=200
ep_00418: path_length=20.60, steps=200
ep_00419: path_length=21.39, steps=200
ep_00420: path_length=20.65, steps=200
ep_00421: path_length=20.57, steps=200
ep_00422: path_length=23.28, steps=200
ep_00423: path_length=22.50, steps=200
ep_00424: path_length=23.30, steps=200
ep_00425: path_length=24.18, steps=200
ep_00426: path_length=22.50, steps=200
ep_00427: path_length=20.29, steps=200
ep_00428: path_length=22.28, steps=200
ep_00429: path_length=22.15, steps=200
ep_00430: path_length=20.16, steps=200
ep_00431: path_length=21.83, steps=200
ep_00432: path_length=22.49, steps=200
ep_00433: path_length=23.04, steps=200
ep_00434: path_length=21.77, steps=200
ep_00435: path_length=20.71, steps=200
ep_00436: path_length=22.74, steps=200
ep_00437: path_length=23.86, steps=200
ep_00438: path_length=20.97, steps=200
ep_00439: path_length=20.64, steps=200
ep_00440: path_length=21.62, steps=200
ep_00441: path_length=21.25, steps=200
ep_00442: path_length=21.79, steps=200
ep_00443: path_length=21.82, steps=200
ep_00444: path_length=22.68, steps=200
ep_00445: path_length=21.93, steps=200
ep_00446: path_length=22.91, steps=200
ep_00447: path_length=20.44, steps=200
ep_00448: path_length=22.07, steps=200
ep_00449: path_length=21.99, steps=200
ep_00450: path_length=19.78, steps=200
ep_00451: path_length=21.74, steps=200
ep_00452: path_length=22.33, steps=200
ep_00453: path_length=21.93, steps=200
ep_00454: path_length=20.66, steps=200
ep_00455: path_length=0.00, steps=200
ep_00456: path_length=0.00, steps=200
ep_00457: path_length=10.01, steps=200
ep_00458: path_length=21.58, steps=200
ep_00459: path_length=21.54, steps=200
ep_00460: path_length=21.55, steps=200
ep_00461: path_length=21.67, steps=200
ep_00462: path_length=21.92, steps=200
ep_00463: path_length=23.43, steps=200
ep_00464: path_length=19.34, steps=200
ep_00465: path_length=22.96, steps=200
ep_00466: path_length=21.92, steps=200
ep_00467: path_length=24.02, steps=200
ep_00468: path_length=21.31, steps=200
ep_00469: path_length=20.93, steps=200
ep_00470: path_length=21.21, steps=200
ep_00471: path_length=21.15, steps=200
ep_00472: path_length=21.66, steps=200
ep_00473: path_length=23.86, steps=200
ep_00474: path_length=20.59, steps=200
ep_00475: path_length=20.80, steps=200
ep_00476: path_length=22.96, steps=200
ep_00477: path_length=23.12, steps=200
ep_00478: path_length=21.80, steps=200
ep_00479: path_length=25.10, steps=200
ep_00480: path_length=20.92, steps=200
ep_00481: path_length=22.33, steps=200
ep_00482: path_length=22.21, steps=200
ep_00483: path_length=21.20, steps=200
ep_00484: path_length=21.71, steps=200
ep_00485: path_length=21.36, steps=200
ep_00486: path_length=22.53, steps=200
ep_00487: path_length=22.71, steps=200
ep_00488: path_length=20.82, steps=200
ep_00489: path_length=21.10, steps=200
ep_00490: path_length=20.54, steps=200
ep_00491: path_length=22.31, steps=200
ep_00492: path_length=20.37, steps=200
ep_00493: path_length=22.09, steps=200
ep_00494: path_length=22.44, steps=200
ep_00495: path_length=23.03, steps=200
ep_00496: path_length=21.84, steps=200
ep_00497: path_length=21.45, steps=200
ep_00498: path_length=21.27, steps=200
ep_00499: path_length=21.46, steps=200
ep_00500: path_length=21.60, steps=200
ep_00501: path_length=24.09, steps=200
ep_00502: path_length=22.77, steps=200
ep_00503: path_length=20.66, steps=200
ep_00504: path_length=21.68, steps=200
ep_00505: path_length=23.06, steps=200
ep_00506: path_length=20.44, steps=200
ep_00507: path_length=21.99, steps=200
ep_00508: path_length=22.60, steps=200
ep_00509: path_length=20.13, steps=200
ep_00510: path_length=21.86, steps=200
ep_00511: path_length=22.14, steps=200
ep_00512: path_length=22.99, steps=200
ep_00513: path_length=21.30, steps=200
ep_00514: path_length=23.28, steps=200
ep_00515: path_length=21.34, steps=200
ep_00516: path_length=22.12, steps=200
ep_00517: path_length=22.41, steps=200
ep_00518: path_length=21.72, steps=200
ep_00519: path_length=23.48, steps=200
ep_00520: path_length=21.74, steps=200
ep_00521: path_length=21.79, steps=200
ep_00522: path_length=21.95, steps=200
ep_00523: path_length=22.47, steps=200
ep_00524: path_length=21.50, steps=200
ep_00525: path_length=19.49, steps=200
ep_00526: path_length=23.08, steps=200
ep_00527: path_length=21.65, steps=200
ep_00528: path_length=21.89, steps=200
ep_00529: path_length=20.89, steps=200
ep_00530: path_length=22.69, steps=200
ep_00531: path_length=20.75, steps=200
ep_00532: path_length=22.68, steps=200
ep_00533: path_length=21.53, steps=200
ep_00534: path_length=22.24, steps=200
ep_00535: path_length=20.77, steps=200
ep_00536: path_length=21.74, steps=200
ep_00537: path_length=21.98, steps=200
ep_00538: path_length=20.09, steps=200
ep_00539: path_length=21.68, steps=200
ep_00540: path_length=19.62, steps=200
ep_00541: path_length=21.34, steps=200
ep_00542: path_length=21.26, steps=200
ep_00543: path_length=22.17, steps=200
ep_00544: path_length=22.04, steps=200
ep_00545: path_length=21.16, steps=200
ep_00546: path_length=21.29, steps=200
ep_00547: path_length=22.52, steps=200
ep_00548: path_length=21.76, steps=200
ep_00549: path_length=22.67, steps=200
ep_00550: path_length=22.64, steps=200
ep_00551: path_length=21.03, steps=200
ep_00552: path_length=20.82, steps=200
ep_00553: path_length=22.61, steps=200
ep_00554: path_length=20.28, steps=200
ep_00555: path_length=20.21, steps=200
ep_00556: path_length=22.75, steps=200
ep_00557: path_length=22.08, steps=200
ep_00558: path_length=21.03, steps=200
ep_00559: path_length=21.39, steps=200
ep_00560: path_length=23.00, steps=200
ep_00561: path_length=19.57, steps=200
ep_00562: path_length=21.37, steps=200
ep_00563: path_length=22.60, steps=200
ep_00564: path_length=22.96, steps=200
ep_00565: path_length=20.78, steps=200
ep_00566: path_length=22.42, steps=200
ep_00567: path_length=20.13, steps=200
ep_00568: path_length=23.51, steps=200
ep_00569: path_length=21.77, steps=200
ep_00570: path_length=23.71, steps=200
ep_00571: path_length=21.21, steps=200
ep_00572: path_length=23.83, steps=200
ep_00573: path_length=22.54, steps=200
ep_00574: path_length=21.44, steps=200
ep_00575: path_length=22.64, steps=200
ep_00576: path_length=20.14, steps=200
ep_00577: path_length=22.92, steps=200
ep_00578: path_length=22.72, steps=200
ep_00579: path_length=22.19, steps=200
ep_00580: path_length=23.47, steps=200
ep_00581: path_length=20.87, steps=200
ep_00582: path_length=22.46, steps=200
ep_00583: path_length=22.34, steps=200
ep_00584: path_length=20.19, steps=200
ep_00585: path_length=21.46, steps=200
ep_00586: path_length=22.97, steps=200
ep_00587: path_length=22.47, steps=200
ep_00588: path_length=21.33, steps=200
ep_00589: path_length=21.97, steps=200
ep_00590: path_length=21.20, steps=200
ep_00591: path_length=22.86, steps=200
ep_00592: path_length=22.11, steps=200
ep_00593: path_length=20.59, steps=200
ep_00594: path_length=21.27, steps=200
ep_00595: path_length=20.30, steps=200
ep_00596: path_length=21.79, steps=200
ep_00597: path_length=21.35, steps=200
ep_00598: path_length=20.12, steps=200
ep_00599: path_length=22.03, steps=200
ep_00600: path_length=20.90, steps=200
ep_00601: path_length=22.94, steps=200
ep_00602: path_length=22.10, steps=200
ep_00603: path_length=22.36, steps=200
ep_00604: path_length=21.77, steps=200
ep_00605: path_length=22.01, steps=200
ep_00606: path_length=20.37, steps=200
ep_00607: path_length=27.90, steps=200
ep_00608: path_length=0.00, steps=200
ep_00609: path_length=0.00, steps=200
ep_00610: path_length=22.74, steps=200
ep_00611: path_length=21.22, steps=200
ep_00612: path_length=21.67, steps=200
ep_00613: path_length=18.73, steps=200
ep_00614: path_length=23.47, steps=200
ep_00615: path_length=21.27, steps=200
ep_00616: path_length=22.32, steps=200
ep_00617: path_length=23.77, steps=200
ep_00618: path_length=21.56, steps=200
ep_00619: path_length=22.05, steps=200
ep_00620: path_length=21.68, steps=200
ep_00621: path_length=22.85, steps=200
ep_00622: path_length=21.70, steps=200
ep_00623: path_length=21.75, steps=200
ep_00624: path_length=23.52, steps=200
ep_00625: path_length=23.11, steps=200
ep_00626: path_length=23.18, steps=200
ep_00627: path_length=22.11, steps=200
ep_00628: path_length=22.44, steps=200
ep_00629: path_length=22.11, steps=200
ep_00630: path_length=22.04, steps=200
ep_00631: path_length=21.77, steps=200
ep_00632: path_length=22.34, steps=200
ep_00633: path_length=21.40, steps=200
ep_00634: path_length=22.55, steps=200
ep_00635: path_length=21.95, steps=200
ep_00636: path_length=20.98, steps=200
ep_00637: path_length=23.28, steps=200
ep_00638: path_length=20.30, steps=200
ep_00639: path_length=23.37, steps=200
ep_00640: path_length=20.96, steps=200
ep_00641: path_length=22.75, steps=200
ep_00642: path_length=20.15, steps=200
ep_00643: path_length=22.12, steps=200
ep_00644: path_length=22.31, steps=200
ep_00645: path_length=21.18, steps=200
ep_00646: path_length=22.16, steps=200
ep_00647: path_length=20.12, steps=200
ep_00648: path_length=22.62, steps=200
ep_00649: path_length=21.10, steps=200
ep_00650: path_length=23.50, steps=200
ep_00651: path_length=22.91, steps=200
ep_00652: path_length=21.28, steps=200
ep_00653: path_length=21.78, steps=200
ep_00654: path_length=21.58, steps=200
ep_00655: path_length=22.10, steps=200
ep_00656: path_length=21.58, steps=200
ep_00657: path_length=21.11, steps=200
ep_00658: path_length=21.20, steps=200
ep_00659: path_length=23.78, steps=200
ep_00660: path_length=20.32, steps=200
ep_00661: path_length=23.10, steps=200
ep_00662: path_length=22.42, steps=200
ep_00663: path_length=20.99, steps=200
ep_00664: path_length=21.56, steps=200
ep_00665: path_length=22.19, steps=200
ep_00666: path_length=21.20, steps=200
ep_00667: path_length=22.15, steps=200
ep_00668: path_length=23.34, steps=200
ep_00669: path_length=23.50, steps=200
ep_00670: path_length=21.63, steps=200
ep_00671: path_length=20.97, steps=200
ep_00672: path_length=20.85, steps=200
ep_00673: path_length=21.59, steps=200
ep_00674: path_length=24.06, steps=200
ep_00675: path_length=19.97, steps=200
ep_00676: path_length=21.71, steps=200
ep_00677: path_length=21.21, steps=200
ep_00678: path_length=22.22, steps=200
ep_00679: path_length=23.68, steps=200
ep_00680: path_length=21.91, steps=200
ep_00681: path_length=21.83, steps=200
ep_00682: path_length=21.73, steps=200
ep_00683: path_length=21.54, steps=200
ep_00684: path_length=21.99, steps=200
ep_00685: path_length=21.22, steps=200
ep_00686: path_length=21.79, steps=200
ep_00687: path_length=22.03, steps=200
ep_00688: path_length=21.87, steps=200
ep_00689: path_length=22.38, steps=200
ep_00690: path_length=22.97, steps=200
ep_00691: path_length=22.09, steps=200
ep_00692: path_length=22.69, steps=200
ep_00693: path_length=20.51, steps=200
ep_00694: path_length=20.42, steps=200
ep_00695: path_length=22.16, steps=200
ep_00696: path_length=22.39, steps=200
ep_00697: path_length=19.47, steps=200
ep_00698: path_length=20.84, steps=200
ep_00699: path_length=20.50, steps=200
ep_00700: path_length=23.01, steps=200
ep_00701: path_length=20.59, steps=200
ep_00702: path_length=22.28, steps=200
ep_00703: path_length=21.84, steps=200
ep_00704: path_length=22.20, steps=200
ep_00705: path_length=22.30, steps=200
ep_00706: path_length=20.00, steps=200
ep_00707: path_length=21.04, steps=200
ep_00708: path_length=21.62, steps=200
ep_00709: path_length=21.44, steps=200
ep_00710: path_length=23.59, steps=200
ep_00711: path_length=21.21, steps=200
ep_00712: path_length=21.74, steps=200
ep_00713: path_length=23.13, steps=200
ep_00714: path_length=22.75, steps=200
ep_00715: path_length=23.04, steps=200
ep_00716: path_length=23.14, steps=200
ep_00717: path_length=20.31, steps=200
ep_00718: path_length=22.83, steps=200
ep_00719: path_length=21.79, steps=200
ep_00720: path_length=22.23, steps=200
ep_00721: path_length=20.51, steps=200
ep_00722: path_length=23.26, steps=200
ep_00723: path_length=23.16, steps=200
ep_00724: path_length=22.11, steps=200
ep_00725: path_length=23.43, steps=200
ep_00726: path_length=21.55, steps=200
ep_00727: path_length=19.88, steps=200
ep_00728: path_length=22.99, steps=200
ep_00729: path_length=23.08, steps=200
ep_00730: path_length=21.76, steps=200
ep_00731: path_length=24.38, steps=200
ep_00732: path_length=23.13, steps=200
ep_00733: path_length=22.05, steps=200
ep_00734: path_length=20.55, steps=200
ep_00735: path_length=21.41, steps=200
ep_00736: path_length=23.06, steps=200
ep_00737: path_length=22.48, steps=200
ep_00738: path_length=20.94, steps=200
ep_00739: path_length=21.66, steps=200
ep_00740: path_length=22.32, steps=200
ep_00741: path_length=20.71, steps=200
ep_00742: path_length=22.71, steps=200
ep_00743: path_length=20.73, steps=200
ep_00744: path_length=21.14, steps=200
ep_00745: path_length=22.19, steps=200
ep_00746: path_length=22.98, steps=200
ep_00747: path_length=21.87, steps=200
ep_00748: path_length=23.03, steps=200
ep_00749: path_length=21.97, steps=200
ep_00750: path_length=23.65, steps=200
ep_00751: path_length=21.27, steps=200
ep_00752: path_length=22.76, steps=200
ep_00753: path_length=22.24, steps=200
ep_00754: path_length=20.82, steps=200
ep_00755: path_length=21.50, steps=200
ep_00756: path_length=22.82, steps=200
ep_00757: path_length=22.00, steps=200
ep_00758: path_length=21.56, steps=200
ep_00759: path_length=20.36, steps=200
ep_00760: path_length=0.00, steps=200
ep_00761: path_length=0.00, steps=200
ep_00762: path_length=0.00, steps=100
File size (bytes): 14777071
Read+analysis time (s): 2.027
RLDS episodes loaded: 763
